SF:lib/features/counter/counter_notifier.dart
DA:6,4
DA:9,1
DA:10,3
DA:14,1
DA:15,3
DA:19,1
DA:20,1
DA:24,1
DA:25,3
DA:29,1
DA:30,1
DA:34,3
DA:37,3
LF:13
LH:13
end_of_record
SF:lib/features/counter/counter_providers.dart
DA:6,8
DA:10,6
DA:11,4
DA:16,4
DA:18,2
DA:19,1
DA:23,8
DA:24,4
DA:25,2
DA:26,1
LF:10
LH:10
end_of_record
SF:lib/main.dart
DA:6,0
DA:7,0
DA:16,4
DA:18,1
DA:20,1
DA:22,1
LF:6
LH:4
end_of_record
SF:lib/app/app.dart
DA:8,3
DA:10,1
DA:11,1
DA:23,1
DA:25,1
DA:26,1
DA:27,1
DA:28,1
DA:30,1
DA:31,1
DA:32,0
DA:33,0
DA:34,0
LF:13
LH:10
end_of_record
SF:lib/features/counter/counter_page.dart
DA:6,3
DA:8,1
DA:12,2
DA:13,0
DA:14,0
DA:21,0
DA:22,0
DA:32,1
DA:33,1
DA:35,3
DA:37,1
DA:39,1
DA:41,1
DA:43,1
DA:44,1
DA:46,1
DA:47,1
DA:57,1
DA:58,1
DA:59,2
DA:60,1
DA:61,1
DA:62,3
DA:67,1
DA:69,1
DA:70,1
DA:71,0
DA:74,0
DA:78,1
DA:79,0
DA:80,0
DA:93,1
DA:94,1
DA:96,1
DA:97,1
DA:106,1
DA:107,1
DA:108,2
DA:109,1
DA:110,1
DA:111,3
DA:118,1
DA:119,1
DA:122,1
DA:123,4
DA:125,1
DA:130,1
DA:132,1
DA:134,1
DA:147,1
DA:148,1
DA:149,2
DA:150,1
DA:151,1
DA:152,3
DA:158,1
DA:160,1
DA:161,1
DA:162,0
DA:164,0
DA:168,1
DA:169,0
DA:170,0
DA:174,1
DA:175,0
DA:176,0
DA:183,1
DA:185,1
DA:186,1
DA:187,0
DA:188,0
DA:192,1
DA:193,0
DA:194,0
LF:74
LH:56
end_of_record
SF:lib/features/todos/todos_page.dart
DA:7,4
DA:9,2
DA:11,2
DA:12,2
DA:14,6
DA:15,2
DA:17,2
DA:18,0
DA:19,0
DA:22,0
DA:28,0
DA:29,0
DA:37,0
DA:54,2
DA:55,2
DA:57,2
DA:58,2
DA:59,4
DA:60,2
DA:62,2
DA:64,2
DA:66,2
DA:67,4
DA:68,4
DA:69,4
DA:78,2
DA:79,2
DA:80,4
DA:81,2
DA:83,2
DA:84,2
DA:85,2
DA:86,2
DA:101,2
DA:102,0
DA:103,0
DA:116,2
DA:117,2
DA:118,2
DA:119,4
DA:121,2
DA:133,1
DA:135,1
DA:136,1
DA:137,1
DA:138,1
DA:146,2
DA:148,2
DA:149,2
DA:150,2
DA:151,2
DA:152,1
DA:153,4
DA:159,2
DA:160,2
DA:161,1
DA:162,4
DA:172,2
DA:173,2
DA:179,1
DA:180,1
DA:182,1
DA:184,2
DA:186,1
DA:193,0
DA:194,0
DA:195,0
DA:196,0
DA:200,1
DA:201,1
DA:202,0
DA:205,1
DA:206,1
DA:207,3
DA:208,5
DA:209,2
DA:225,2
DA:227,2
DA:229,2
DA:230,2
DA:231,2
DA:232,4
DA:233,2
DA:236,2
DA:239,2
DA:240,2
DA:254,1
DA:256,1
DA:258,1
DA:260,1
DA:261,1
DA:262,2
DA:263,1
DA:264,6
DA:267,1
DA:268,2
DA:269,1
DA:270,2
DA:271,2
DA:274,1
DA:276,1
DA:277,6
LF:102
LH:89
end_of_record
SF:lib/features/feed/feed_page.dart
DA:7,3
DA:9,1
DA:11,1
DA:13,1
DA:14,1
DA:16,3
DA:41,3
DA:43,1
DA:45,2
DA:46,2
DA:48,1
DA:50,1
DA:52,1
DA:54,1
DA:55,1
DA:57,1
DA:58,2
DA:59,1
DA:60,1
DA:62,3
DA:65,1
DA:67,1
DA:68,2
DA:69,2
DA:70,2
DA:76,0
DA:83,1
DA:84,1
DA:85,2
DA:86,1
DA:87,1
DA:88,1
DA:90,1
DA:91,1
DA:92,3
DA:94,2
DA:95,4
DA:110,0
DA:111,0
DA:113,0
DA:120,0
DA:122,0
DA:125,0
DA:126,0
DA:127,0
DA:133,0
DA:134,0
DA:136,0
DA:153,3
DA:155,0
DA:157,0
DA:159,0
DA:161,0
DA:163,0
DA:164,0
DA:165,0
DA:167,0
DA:168,0
DA:169,0
DA:171,0
DA:174,0
DA:175,0
DA:176,0
DA:177,0
DA:178,0
DA:182,0
DA:196,0
DA:197,0
DA:198,0
DA:200,0
DA:202,0
DA:203,0
DA:205,0
DA:208,0
DA:209,0
DA:210,0
DA:211,0
DA:213,0
DA:214,0
DA:216,0
DA:217,0
DA:218,0
DA:221,0
DA:222,0
DA:223,0
DA:224,0
DA:225,0
DA:226,0
DA:228,0
DA:236,0
DA:253,3
DA:255,0
DA:257,0
DA:259,0
DA:261,0
DA:263,0
DA:265,0
DA:266,0
DA:267,0
DA:268,0
DA:269,0
DA:270,0
DA:277,0
DA:278,0
DA:279,0
DA:287,0
DA:288,0
DA:289,0
DA:290,0
DA:291,0
DA:292,0
DA:303,0
DA:304,0
DA:305,0
DA:315,0
DA:316,0
DA:317,0
DA:318,0
DA:320,0
DA:321,0
DA:322,0
DA:324,0
DA:325,0
DA:327,0
DA:328,0
DA:329,0
DA:346,0
DA:347,0
DA:349,0
DA:356,0
DA:358,0
DA:361,0
DA:362,0
DA:363,0
DA:369,0
DA:370,0
DA:371,0
DA:386,0
DA:387,0
DA:389,0
DA:391,0
DA:393,0
DA:400,0
DA:401,0
DA:402,0
DA:403,0
DA:407,0
DA:408,0
DA:409,0
DA:412,0
DA:413,0
DA:414,0
DA:415,0
DA:416,0
DA:428,3
DA:430,0
DA:432,0
DA:434,0
DA:436,0
DA:438,0
DA:439,0
DA:440,0
DA:442,0
DA:443,0
DA:444,0
DA:446,0
DA:461,0
DA:462,0
DA:463,0
DA:464,0
DA:465,0
DA:466,0
DA:468,0
DA:469,0
DA:471,0
DA:473,0
DA:489,0
DA:490,0
DA:492,0
DA:499,0
DA:501,0
DA:504,0
DA:505,0
DA:506,0
DA:526,1
DA:528,1
DA:530,1
DA:531,1
DA:532,1
DA:533,2
DA:534,1
DA:537,3
DA:540,1
DA:541,1
LF:194
LH:49
end_of_record
SF:lib/app/theme.dart
DA:4,1
DA:5,1
DA:7,1
DA:15,1
DA:17,1
DA:18,1
DA:21,1
DA:22,1
DA:23,1
DA:24,1
LF:10
LH:10
end_of_record
SF:lib/features/feed/feed_controller.dart
DA:7,0
DA:11,0
DA:15,0
DA:17,0
DA:20,0
DA:21,0
DA:24,0
DA:35,0
DA:37,0
DA:41,0
DA:42,0
DA:45,0
DA:50,0
DA:51,0
DA:54,0
DA:58,0
DA:62,0
DA:69,0
DA:75,0
DA:76,0
DA:77,0
DA:80,0
DA:81,0
DA:82,0
DA:86,0
DA:92,0
DA:97,0
DA:98,0
DA:102,0
DA:106,0
DA:110,0
DA:115,0
DA:118,0
DA:121,0
DA:124,0
LF:35
LH:0
end_of_record
SF:lib/shared/widgets/async_value_view.dart
DA:13,1
DA:22,1
DA:24,2
DA:25,1
DA:26,2
DA:29,0
DA:30,0
DA:32,0
DA:43,0
DA:48,0
DA:50,0
DA:51,0
DA:53,0
DA:55,0
DA:62,0
DA:64,0
DA:68,0
DA:69,0
DA:70,0
DA:75,0
DA:77,0
DA:78,0
DA:92,1
DA:98,1
LF:24
LH:7
end_of_record
SF:lib/features/feed/feed_providers.dart
DA:7,4
DA:9,1
DA:12,4
DA:13,0
DA:16,1
DA:28,0
DA:29,0
DA:31,0
DA:37,0
DA:42,0
DA:44,0
DA:53,0
DA:54,0
DA:58,0
DA:59,0
DA:60,0
DA:63,0
DA:64,0
DA:65,0
DA:68,0
DA:70,0
DA:71,0
DA:73,0
DA:74,0
DA:79,4
DA:80,2
DA:82,1
DA:83,3
DA:84,1
DA:85,4
DA:86,3
DA:87,1
DA:88,1
DA:89,1
DA:90,1
DA:91,1
DA:92,0
DA:93,0
DA:94,1
DA:96,1
DA:97,0
LF:41
LH:18
end_of_record
SF:lib/features/todos/todo_model.dart
DA:7,5
DA:14,2
DA:19,2
DA:20,2
DA:21,2
DA:22,1
DA:26,0
DA:29,0
DA:30,0
DA:31,0
DA:32,0
DA:35,0
DA:36,0
DA:38,0
DA:40,0
LF:15
LH:6
end_of_record
SF:lib/features/todos/todo_providers.dart
DA:8,11
DA:9,2
DA:14,9
DA:15,3
DA:17,6
DA:18,3
DA:24,12
DA:25,6
DA:26,6
DA:29,3
DA:31,0
DA:32,0
DA:33,0
DA:34,0
DA:39,12
DA:42,12
DA:43,6
DA:44,3
DA:45,10
DA:46,3
DA:48,3
DA:64,3
LF:22
LH:18
end_of_record
SF:lib/features/todos/todo_repository.dart
DA:18,2
DA:21,2
DA:22,2
DA:25,0
DA:27,0
DA:28,0
DA:31,0
DA:33,0
DA:34,0
DA:35,0
DA:36,0
DA:40,0
DA:42,0
DA:43,0
DA:46,0
DA:48,0
DA:49,0
DA:50,0
DA:51,0
DA:52,0
DA:66,2
DA:68,4
DA:71,2
DA:73,4
DA:76,2
DA:78,12
DA:79,4
DA:80,4
DA:84,2
DA:86,10
DA:89,2
DA:91,10
DA:92,4
DA:93,4
DA:94,8
LF:35
LH:18
end_of_record
SF:lib/features/todos/todos_notifier.dart
DA:10,9
DA:12,3
DA:16,3
DA:18,6
DA:19,3
DA:22,0
DA:27,2
DA:28,4
DA:30,2
DA:31,6
DA:32,2
DA:36,4
DA:38,8
DA:45,2
DA:47,4
DA:49,8
DA:50,4
DA:51,4
DA:54,2
DA:61,2
DA:63,4
DA:65,14
DA:72,1
DA:74,2
DA:76,4
DA:77,3
DA:81,1
DA:88,2
DA:89,10
DA:91,4
DA:93,6
DA:100,12
DA:104,2
DA:105,10
DA:107,4
DA:109,6
DA:116,12
DA:120,1
DA:121,5
DA:123,2
DA:125,3
DA:132,6
LF:42
LH:41
end_of_record
